<?xml version="1.0" encoding="UTF-8"?>
<testsuite xmlns:xsi="http://www.w3.org/2001/XMLSchema-instance" xsi:noNamespaceSchemaLocation="https://maven.apache.org/surefire/maven-surefire-plugin/xsd/surefire-test-report-3.0.xsd" version="3.0" name="com.project.gts.project.GtsProjectApplicationTests" time="3.161" tests="1" errors="0" skipped="0" failures="0">
  <properties>
[...]
</properties>
  <testcase name="contextLoads" classname="com.project.gts.project.GtsProjectApplicationTests" time="0.385">
    <system-out><![CDATA[11:36:04.280 [main] INFO org.springframework.test.context.support.AnnotationConfigContextLoaderUtils -- Could not detect default configuration classes for test class [com.project.gts.project.GtsProjectApplicationTests]: GtsProjectApplicationTests does not declare any static, non-private, non-final, nested classes annotated with @Configuration.
11:36:04.349 [main] INFO org.springframework.boot.test.context.SpringBootTestContextBootstrapper -- Found @SpringBootConfiguration com.project.gts.project.GtsProjectApplication for test class com.project.gts.project.GtsProjectApplicationTests

  .   ____          _            __ _ _
 /\\ / ___'_ __ _ _(_)_ __  __ _ \ \ \ \
( ( )\___ | '_ | '_| | '_ \/ _` | \ \ \ \
 \\/  ___)| |_)| | | | | || (_| |  ) ) ) )
  '  |____| .__|_| |_|_| |_\__, | / / / /
 =========|_|==============|___/=/_/_/_/

 :: Spring Boot ::                (v3.3.4)

2024-10-05T11:36:04.587+05:30  INFO 14331 --- [GtsProject] [           main] c.p.g.p.GtsProjectApplicationTests       : Starting GtsProjectApplicationTests using Java 23 with PID 14331 (started by santhoshym in /Users/santhoshym/Downloads/projectgts)
2024-10-05T11:36:04.588+05:30  INFO 14331 --- [GtsProject] [           main] c.p.g.p.GtsProjectApplicationTests       : No active profile set, falling back to 1 default profile: "default"
2024-10-05T11:36:05.052+05:30  INFO 14331 --- [GtsProject] [           main] .s.d.r.c.RepositoryConfigurationDelegate : Bootstrapping Spring Data JPA repositories in DEFAULT mode.
2024-10-05T11:36:05.082+05:30  INFO 14331 --- [GtsProject] [           main] .s.d.r.c.RepositoryConfigurationDelegate : Finished Spring Data repository scanning in 26 ms. Found 1 JPA repository interface.
2024-10-05T11:36:05.371+05:30  INFO 14331 --- [GtsProject] [           main] com.zaxxer.hikari.HikariDataSource       : HikariPool-1 - Starting...
2024-10-05T11:36:05.484+05:30  INFO 14331 --- [GtsProject] [           main] com.zaxxer.hikari.pool.HikariPool        : HikariPool-1 - Added connection conn0: url=jdbc:h2:mem:1f2571dc-7865-49e6-885d-894493b63691 user=SA
2024-10-05T11:36:05.485+05:30  INFO 14331 --- [GtsProject] [           main] com.zaxxer.hikari.HikariDataSource       : HikariPool-1 - Start completed.
2024-10-05T11:36:05.526+05:30  INFO 14331 --- [GtsProject] [           main] o.hibernate.jpa.internal.util.LogHelper  : HHH000204: Processing PersistenceUnitInfo [name: default]
2024-10-05T11:36:05.566+05:30  INFO 14331 --- [GtsProject] [           main] org.hibernate.Version                    : HHH000412: Hibernate ORM core version 6.5.3.Final
2024-10-05T11:36:05.588+05:30  INFO 14331 --- [GtsProject] [           main] o.h.c.internal.RegionFactoryInitiator    : HHH000026: Second-level cache disabled
2024-10-05T11:36:05.768+05:30  INFO 14331 --- [GtsProject] [           main] o.s.o.j.p.SpringPersistenceUnitInfo      : No LoadTimeWeaver setup: ignoring JPA class transformer
2024-10-05T11:36:06.305+05:30  INFO 14331 --- [GtsProject] [           main] o.h.e.t.j.p.i.JtaPlatformInitiator       : HHH000489: No JTA platform available (set 'hibernate.transaction.jta.platform' to enable JTA platform integration)
2024-10-05T11:36:06.325+05:30  INFO 14331 --- [GtsProject] [           main] j.LocalContainerEntityManagerFactoryBean : Initialized JPA EntityManagerFactory for persistence unit 'default'
2024-10-05T11:36:06.642+05:30  WARN 14331 --- [GtsProject] [           main] JpaBaseConfiguration$JpaWebConfiguration : spring.jpa.open-in-view is enabled by default. Therefore, database queries may be performed during view rendering. Explicitly configure spring.jpa.open-in-view to disable this warning
2024-10-05T11:36:06.917+05:30  INFO 14331 --- [GtsProject] [           main] c.p.g.p.GtsProjectApplicationTests       : Started GtsProjectApplicationTests in 2.477 seconds (process running for 3.162)
ProdData
]]></system-out>
    <system-err><![CDATA[WARNING: A Java agent has been loaded dynamically (/Users/santhoshym/.m2/repository/net/bytebuddy/byte-buddy-agent/1.14.19/byte-buddy-agent-1.14.19.jar)
WARNING: If a serviceability tool is in use, please run with -XX:+EnableDynamicAgentLoading to hide this warning
WARNING: If a serviceability tool is not in use, please run with -Djdk.instrument.traceUsage for more information
WARNING: Dynamic loading of agents will be disallowed by default in a future release
]]></system-err>
  </testcase>
</testsuite>